2015/05/30 23:44:05 [error] [exception.CHttpException.404] exception 'CHttpException' with message 'Unable to resolve the request "assets/d18c94a8/jui/js/jquery.ui.datepicker-en.js".' in D:\xampp\htdocs\framework\yii\framework\web\CWebApplication.php:286
Stack trace:
#0 D:\xampp\htdocs\framework\yii\framework\web\CWebApplication.php(141): CWebApplication->runController('assets/d18c94a8...')
#1 D:\xampp\htdocs\framework\yii\framework\base\CApplication.php(184): CWebApplication->processRequest()
#2 D:\xampp\htdocs\vantagelawjournal\protected\components\WebApplicationEndBehavior.php(24): CApplication->run()
#3 [internal function]: WebApplicationEndBehavior->runEnd('front')
#4 D:\xampp\htdocs\framework\yii\framework\base\CComponent.php(261): call_user_func_array(Array, Array)
#5 D:\xampp\htdocs\vantagelawjournal\index.php(14): CComponent->__call('runEnd', Array)
#6 D:\xampp\htdocs\vantagelawjournal\index.php(14): CWebApplication->runEnd('front')
#7 {main}
REQUEST_URI=/vantagelawjournal/assets/d18c94a8/jui/js/jquery.ui.datepicker-en.js
HTTP_REFERER=http://localhost/vantagelawjournal/backend.php/content/admin.html
---
2015/05/30 23:44:08 [error] [exception.CHttpException.404] exception 'CHttpException' with message 'Unable to resolve the request "assets/d18c94a8/jui/js/jquery.ui.datepicker-en.js".' in D:\xampp\htdocs\framework\yii\framework\web\CWebApplication.php:286
Stack trace:
#0 D:\xampp\htdocs\framework\yii\framework\web\CWebApplication.php(141): CWebApplication->runController('assets/d18c94a8...')
#1 D:\xampp\htdocs\framework\yii\framework\base\CApplication.php(184): CWebApplication->processRequest()
#2 D:\xampp\htdocs\vantagelawjournal\protected\components\WebApplicationEndBehavior.php(24): CApplication->run()
#3 [internal function]: WebApplicationEndBehavior->runEnd('front')
#4 D:\xampp\htdocs\framework\yii\framework\base\CComponent.php(261): call_user_func_array(Array, Array)
#5 D:\xampp\htdocs\vantagelawjournal\index.php(14): CComponent->__call('runEnd', Array)
#6 D:\xampp\htdocs\vantagelawjournal\index.php(14): CWebApplication->runEnd('front')
#7 {main}
REQUEST_URI=/vantagelawjournal/assets/d18c94a8/jui/js/jquery.ui.datepicker-en.js
HTTP_REFERER=http://localhost/vantagelawjournal/backend.php/content/admin.html
---
2015/06/01 22:55:21 [error] [exception.CHttpException.404] exception 'CHttpException' with message 'Unable to resolve the request "assets/d18c94a8/jui/js/jquery.ui.datepicker-en.js".' in D:\xampp\htdocs\framework\yii\framework\web\CWebApplication.php:286
Stack trace:
#0 D:\xampp\htdocs\framework\yii\framework\web\CWebApplication.php(141): CWebApplication->runController('assets/d18c94a8...')
#1 D:\xampp\htdocs\framework\yii\framework\base\CApplication.php(184): CWebApplication->processRequest()
#2 D:\xampp\htdocs\vantagelawjournal\protected\components\WebApplicationEndBehavior.php(24): CApplication->run()
#3 [internal function]: WebApplicationEndBehavior->runEnd('front')
#4 D:\xampp\htdocs\framework\yii\framework\base\CComponent.php(261): call_user_func_array(Array, Array)
#5 D:\xampp\htdocs\vantagelawjournal\index.php(14): CComponent->__call('runEnd', Array)
#6 D:\xampp\htdocs\vantagelawjournal\index.php(14): CWebApplication->runEnd('front')
#7 {main}
REQUEST_URI=/vantagelawjournal/assets/d18c94a8/jui/js/jquery.ui.datepicker-en.js
HTTP_REFERER=http://localhost/vantagelawjournal/backend.php/content/admin.html
---
2015/06/01 22:55:23 [error] [exception.CHttpException.404] exception 'CHttpException' with message 'Unable to resolve the request "assets/d18c94a8/jui/js/jquery.ui.datepicker-en.js".' in D:\xampp\htdocs\framework\yii\framework\web\CWebApplication.php:286
Stack trace:
#0 D:\xampp\htdocs\framework\yii\framework\web\CWebApplication.php(141): CWebApplication->runController('assets/d18c94a8...')
#1 D:\xampp\htdocs\framework\yii\framework\base\CApplication.php(184): CWebApplication->processRequest()
#2 D:\xampp\htdocs\vantagelawjournal\protected\components\WebApplicationEndBehavior.php(24): CApplication->run()
#3 [internal function]: WebApplicationEndBehavior->runEnd('front')
#4 D:\xampp\htdocs\framework\yii\framework\base\CComponent.php(261): call_user_func_array(Array, Array)
#5 D:\xampp\htdocs\vantagelawjournal\index.php(14): CComponent->__call('runEnd', Array)
#6 D:\xampp\htdocs\vantagelawjournal\index.php(14): CWebApplication->runEnd('front')
#7 {main}
REQUEST_URI=/vantagelawjournal/assets/d18c94a8/jui/js/jquery.ui.datepicker-en.js
HTTP_REFERER=http://localhost/vantagelawjournal/backend.php/content/admin.html
---
2015/06/01 22:58:35 [error] [exception.CHttpException.404] exception 'CHttpException' with message 'Unable to resolve the request "assets/d18c94a8/jui/js/jquery.ui.datepicker-en.js".' in D:\xampp\htdocs\framework\yii\framework\web\CWebApplication.php:286
Stack trace:
#0 D:\xampp\htdocs\framework\yii\framework\web\CWebApplication.php(141): CWebApplication->runController('assets/d18c94a8...')
#1 D:\xampp\htdocs\framework\yii\framework\base\CApplication.php(184): CWebApplication->processRequest()
#2 D:\xampp\htdocs\vantagelawjournal\protected\components\WebApplicationEndBehavior.php(24): CApplication->run()
#3 [internal function]: WebApplicationEndBehavior->runEnd('front')
#4 D:\xampp\htdocs\framework\yii\framework\base\CComponent.php(261): call_user_func_array(Array, Array)
#5 D:\xampp\htdocs\vantagelawjournal\index.php(14): CComponent->__call('runEnd', Array)
#6 D:\xampp\htdocs\vantagelawjournal\index.php(14): CWebApplication->runEnd('front')
#7 {main}
REQUEST_URI=/vantagelawjournal/assets/d18c94a8/jui/js/jquery.ui.datepicker-en.js
HTTP_REFERER=http://localhost/vantagelawjournal/backend.php/content/admin.html
---
2015/06/01 22:58:35 [error] [exception.CHttpException.404] exception 'CHttpException' with message 'Unable to resolve the request "assets/d18c94a8/jui/js/jquery.ui.datepicker-en.js".' in D:\xampp\htdocs\framework\yii\framework\web\CWebApplication.php:286
Stack trace:
#0 D:\xampp\htdocs\framework\yii\framework\web\CWebApplication.php(141): CWebApplication->runController('assets/d18c94a8...')
#1 D:\xampp\htdocs\framework\yii\framework\base\CApplication.php(184): CWebApplication->processRequest()
#2 D:\xampp\htdocs\vantagelawjournal\protected\components\WebApplicationEndBehavior.php(24): CApplication->run()
#3 [internal function]: WebApplicationEndBehavior->runEnd('front')
#4 D:\xampp\htdocs\framework\yii\framework\base\CComponent.php(261): call_user_func_array(Array, Array)
#5 D:\xampp\htdocs\vantagelawjournal\index.php(14): CComponent->__call('runEnd', Array)
#6 D:\xampp\htdocs\vantagelawjournal\index.php(14): CWebApplication->runEnd('front')
#7 {main}
REQUEST_URI=/vantagelawjournal/assets/d18c94a8/jui/js/jquery.ui.datepicker-en.js
HTTP_REFERER=http://localhost/vantagelawjournal/backend.php/content/admin.html
---
2015/06/01 22:59:27 [error] [exception.CHttpException.404] exception 'CHttpException' with message 'Unable to resolve the request "assets/d18c94a8/jui/js/jquery.ui.datepicker-en.js".' in D:\xampp\htdocs\framework\yii\framework\web\CWebApplication.php:286
Stack trace:
#0 D:\xampp\htdocs\framework\yii\framework\web\CWebApplication.php(141): CWebApplication->runController('assets/d18c94a8...')
#1 D:\xampp\htdocs\framework\yii\framework\base\CApplication.php(184): CWebApplication->processRequest()
#2 D:\xampp\htdocs\vantagelawjournal\protected\components\WebApplicationEndBehavior.php(24): CApplication->run()
#3 [internal function]: WebApplicationEndBehavior->runEnd('front')
#4 D:\xampp\htdocs\framework\yii\framework\base\CComponent.php(261): call_user_func_array(Array, Array)
#5 D:\xampp\htdocs\vantagelawjournal\index.php(14): CComponent->__call('runEnd', Array)
#6 D:\xampp\htdocs\vantagelawjournal\index.php(14): CWebApplication->runEnd('front')
#7 {main}
REQUEST_URI=/vantagelawjournal/assets/d18c94a8/jui/js/jquery.ui.datepicker-en.js
HTTP_REFERER=http://localhost/vantagelawjournal/backend.php/content/admin.html
---
2015/06/01 22:59:29 [error] [exception.CHttpException.404] exception 'CHttpException' with message 'Unable to resolve the request "assets/d18c94a8/jui/js/jquery.ui.datepicker-en.js".' in D:\xampp\htdocs\framework\yii\framework\web\CWebApplication.php:286
Stack trace:
#0 D:\xampp\htdocs\framework\yii\framework\web\CWebApplication.php(141): CWebApplication->runController('assets/d18c94a8...')
#1 D:\xampp\htdocs\framework\yii\framework\base\CApplication.php(184): CWebApplication->processRequest()
#2 D:\xampp\htdocs\vantagelawjournal\protected\components\WebApplicationEndBehavior.php(24): CApplication->run()
#3 [internal function]: WebApplicationEndBehavior->runEnd('front')
#4 D:\xampp\htdocs\framework\yii\framework\base\CComponent.php(261): call_user_func_array(Array, Array)
#5 D:\xampp\htdocs\vantagelawjournal\index.php(14): CComponent->__call('runEnd', Array)
#6 D:\xampp\htdocs\vantagelawjournal\index.php(14): CWebApplication->runEnd('front')
#7 {main}
REQUEST_URI=/vantagelawjournal/assets/d18c94a8/jui/js/jquery.ui.datepicker-en.js
HTTP_REFERER=http://localhost/vantagelawjournal/backend.php/content/admin.html
---
2015/06/01 23:00:03 [error] [exception.CHttpException.404] exception 'CHttpException' with message 'Unable to resolve the request "assets/d18c94a8/jui/js/jquery.ui.datepicker-en.js".' in D:\xampp\htdocs\framework\yii\framework\web\CWebApplication.php:286
Stack trace:
#0 D:\xampp\htdocs\framework\yii\framework\web\CWebApplication.php(141): CWebApplication->runController('assets/d18c94a8...')
#1 D:\xampp\htdocs\framework\yii\framework\base\CApplication.php(184): CWebApplication->processRequest()
#2 D:\xampp\htdocs\vantagelawjournal\protected\components\WebApplicationEndBehavior.php(24): CApplication->run()
#3 [internal function]: WebApplicationEndBehavior->runEnd('front')
#4 D:\xampp\htdocs\framework\yii\framework\base\CComponent.php(261): call_user_func_array(Array, Array)
#5 D:\xampp\htdocs\vantagelawjournal\index.php(14): CComponent->__call('runEnd', Array)
#6 D:\xampp\htdocs\vantagelawjournal\index.php(14): CWebApplication->runEnd('front')
#7 {main}
REQUEST_URI=/vantagelawjournal/assets/d18c94a8/jui/js/jquery.ui.datepicker-en.js
HTTP_REFERER=http://localhost/vantagelawjournal/backend.php/content/admin.html
---
2015/06/01 23:00:04 [error] [exception.CHttpException.404] exception 'CHttpException' with message 'Unable to resolve the request "assets/d18c94a8/jui/js/jquery.ui.datepicker-en.js".' in D:\xampp\htdocs\framework\yii\framework\web\CWebApplication.php:286
Stack trace:
#0 D:\xampp\htdocs\framework\yii\framework\web\CWebApplication.php(141): CWebApplication->runController('assets/d18c94a8...')
#1 D:\xampp\htdocs\framework\yii\framework\base\CApplication.php(184): CWebApplication->processRequest()
#2 D:\xampp\htdocs\vantagelawjournal\protected\components\WebApplicationEndBehavior.php(24): CApplication->run()
#3 [internal function]: WebApplicationEndBehavior->runEnd('front')
#4 D:\xampp\htdocs\framework\yii\framework\base\CComponent.php(261): call_user_func_array(Array, Array)
#5 D:\xampp\htdocs\vantagelawjournal\index.php(14): CComponent->__call('runEnd', Array)
#6 D:\xampp\htdocs\vantagelawjournal\index.php(14): CWebApplication->runEnd('front')
#7 {main}
REQUEST_URI=/vantagelawjournal/assets/d18c94a8/jui/js/jquery.ui.datepicker-en.js
HTTP_REFERER=http://localhost/vantagelawjournal/backend.php/content/admin.html
---
2015/06/01 23:00:43 [error] [exception.CHttpException.404] exception 'CHttpException' with message 'Unable to resolve the request "assets/d18c94a8/jui/js/jquery.ui.datepicker-en.js".' in D:\xampp\htdocs\framework\yii\framework\web\CWebApplication.php:286
Stack trace:
#0 D:\xampp\htdocs\framework\yii\framework\web\CWebApplication.php(141): CWebApplication->runController('assets/d18c94a8...')
#1 D:\xampp\htdocs\framework\yii\framework\base\CApplication.php(184): CWebApplication->processRequest()
#2 D:\xampp\htdocs\vantagelawjournal\protected\components\WebApplicationEndBehavior.php(24): CApplication->run()
#3 [internal function]: WebApplicationEndBehavior->runEnd('front')
#4 D:\xampp\htdocs\framework\yii\framework\base\CComponent.php(261): call_user_func_array(Array, Array)
#5 D:\xampp\htdocs\vantagelawjournal\index.php(14): CComponent->__call('runEnd', Array)
#6 D:\xampp\htdocs\vantagelawjournal\index.php(14): CWebApplication->runEnd('front')
#7 {main}
REQUEST_URI=/vantagelawjournal/assets/d18c94a8/jui/js/jquery.ui.datepicker-en.js
HTTP_REFERER=http://localhost/vantagelawjournal/backend.php/content/admin.html
---
2015/06/01 23:00:44 [error] [exception.CHttpException.404] exception 'CHttpException' with message 'Unable to resolve the request "assets/d18c94a8/jui/js/jquery.ui.datepicker-en.js".' in D:\xampp\htdocs\framework\yii\framework\web\CWebApplication.php:286
Stack trace:
#0 D:\xampp\htdocs\framework\yii\framework\web\CWebApplication.php(141): CWebApplication->runController('assets/d18c94a8...')
#1 D:\xampp\htdocs\framework\yii\framework\base\CApplication.php(184): CWebApplication->processRequest()
#2 D:\xampp\htdocs\vantagelawjournal\protected\components\WebApplicationEndBehavior.php(24): CApplication->run()
#3 [internal function]: WebApplicationEndBehavior->runEnd('front')
#4 D:\xampp\htdocs\framework\yii\framework\base\CComponent.php(261): call_user_func_array(Array, Array)
#5 D:\xampp\htdocs\vantagelawjournal\index.php(14): CComponent->__call('runEnd', Array)
#6 D:\xampp\htdocs\vantagelawjournal\index.php(14): CWebApplication->runEnd('front')
#7 {main}
REQUEST_URI=/vantagelawjournal/assets/d18c94a8/jui/js/jquery.ui.datepicker-en.js
HTTP_REFERER=http://localhost/vantagelawjournal/backend.php/content/admin.html
---
2015/06/01 23:01:55 [error] [exception.CHttpException.404] exception 'CHttpException' with message 'Unable to resolve the request "assets/d18c94a8/jui/js/jquery.ui.datepicker-en.js".' in D:\xampp\htdocs\framework\yii\framework\web\CWebApplication.php:286
Stack trace:
#0 D:\xampp\htdocs\framework\yii\framework\web\CWebApplication.php(141): CWebApplication->runController('assets/d18c94a8...')
#1 D:\xampp\htdocs\framework\yii\framework\base\CApplication.php(184): CWebApplication->processRequest()
#2 D:\xampp\htdocs\vantagelawjournal\protected\components\WebApplicationEndBehavior.php(24): CApplication->run()
#3 [internal function]: WebApplicationEndBehavior->runEnd('front')
#4 D:\xampp\htdocs\framework\yii\framework\base\CComponent.php(261): call_user_func_array(Array, Array)
#5 D:\xampp\htdocs\vantagelawjournal\index.php(14): CComponent->__call('runEnd', Array)
#6 D:\xampp\htdocs\vantagelawjournal\index.php(14): CWebApplication->runEnd('front')
#7 {main}
REQUEST_URI=/vantagelawjournal/assets/d18c94a8/jui/js/jquery.ui.datepicker-en.js
HTTP_REFERER=http://localhost/vantagelawjournal/backend.php/content/admin.html
---
2015/06/01 23:01:56 [error] [exception.CHttpException.404] exception 'CHttpException' with message 'Unable to resolve the request "assets/d18c94a8/jui/js/jquery.ui.datepicker-en.js".' in D:\xampp\htdocs\framework\yii\framework\web\CWebApplication.php:286
Stack trace:
#0 D:\xampp\htdocs\framework\yii\framework\web\CWebApplication.php(141): CWebApplication->runController('assets/d18c94a8...')
#1 D:\xampp\htdocs\framework\yii\framework\base\CApplication.php(184): CWebApplication->processRequest()
#2 D:\xampp\htdocs\vantagelawjournal\protected\components\WebApplicationEndBehavior.php(24): CApplication->run()
#3 [internal function]: WebApplicationEndBehavior->runEnd('front')
#4 D:\xampp\htdocs\framework\yii\framework\base\CComponent.php(261): call_user_func_array(Array, Array)
#5 D:\xampp\htdocs\vantagelawjournal\index.php(14): CComponent->__call('runEnd', Array)
#6 D:\xampp\htdocs\vantagelawjournal\index.php(14): CWebApplication->runEnd('front')
#7 {main}
REQUEST_URI=/vantagelawjournal/assets/d18c94a8/jui/js/jquery.ui.datepicker-en.js
HTTP_REFERER=http://localhost/vantagelawjournal/backend.php/content/admin.html
---
2015/06/01 23:03:03 [error] [exception.CHttpException.404] exception 'CHttpException' with message 'Unable to resolve the request "assets/d18c94a8/jui/js/jquery.ui.datepicker-en.js".' in D:\xampp\htdocs\framework\yii\framework\web\CWebApplication.php:286
Stack trace:
#0 D:\xampp\htdocs\framework\yii\framework\web\CWebApplication.php(141): CWebApplication->runController('assets/d18c94a8...')
#1 D:\xampp\htdocs\framework\yii\framework\base\CApplication.php(184): CWebApplication->processRequest()
#2 D:\xampp\htdocs\vantagelawjournal\protected\components\WebApplicationEndBehavior.php(24): CApplication->run()
#3 [internal function]: WebApplicationEndBehavior->runEnd('front')
#4 D:\xampp\htdocs\framework\yii\framework\base\CComponent.php(261): call_user_func_array(Array, Array)
#5 D:\xampp\htdocs\vantagelawjournal\index.php(14): CComponent->__call('runEnd', Array)
#6 D:\xampp\htdocs\vantagelawjournal\index.php(14): CWebApplication->runEnd('front')
#7 {main}
REQUEST_URI=/vantagelawjournal/assets/d18c94a8/jui/js/jquery.ui.datepicker-en.js
HTTP_REFERER=http://localhost/vantagelawjournal/backend.php/content/admin.html
---
2015/06/01 23:03:04 [error] [exception.CHttpException.404] exception 'CHttpException' with message 'Unable to resolve the request "assets/d18c94a8/jui/js/jquery.ui.datepicker-en.js".' in D:\xampp\htdocs\framework\yii\framework\web\CWebApplication.php:286
Stack trace:
#0 D:\xampp\htdocs\framework\yii\framework\web\CWebApplication.php(141): CWebApplication->runController('assets/d18c94a8...')
#1 D:\xampp\htdocs\framework\yii\framework\base\CApplication.php(184): CWebApplication->processRequest()
#2 D:\xampp\htdocs\vantagelawjournal\protected\components\WebApplicationEndBehavior.php(24): CApplication->run()
#3 [internal function]: WebApplicationEndBehavior->runEnd('front')
#4 D:\xampp\htdocs\framework\yii\framework\base\CComponent.php(261): call_user_func_array(Array, Array)
#5 D:\xampp\htdocs\vantagelawjournal\index.php(14): CComponent->__call('runEnd', Array)
#6 D:\xampp\htdocs\vantagelawjournal\index.php(14): CWebApplication->runEnd('front')
#7 {main}
REQUEST_URI=/vantagelawjournal/assets/d18c94a8/jui/js/jquery.ui.datepicker-en.js
HTTP_REFERER=http://localhost/vantagelawjournal/backend.php/content/admin.html
---
2015/06/01 23:04:18 [error] [exception.CHttpException.404] exception 'CHttpException' with message 'Unable to resolve the request "assets/d18c94a8/jui/js/jquery.ui.datepicker-en.js".' in D:\xampp\htdocs\framework\yii\framework\web\CWebApplication.php:286
Stack trace:
#0 D:\xampp\htdocs\framework\yii\framework\web\CWebApplication.php(141): CWebApplication->runController('assets/d18c94a8...')
#1 D:\xampp\htdocs\framework\yii\framework\base\CApplication.php(184): CWebApplication->processRequest()
#2 D:\xampp\htdocs\vantagelawjournal\protected\components\WebApplicationEndBehavior.php(24): CApplication->run()
#3 [internal function]: WebApplicationEndBehavior->runEnd('front')
#4 D:\xampp\htdocs\framework\yii\framework\base\CComponent.php(261): call_user_func_array(Array, Array)
#5 D:\xampp\htdocs\vantagelawjournal\index.php(14): CComponent->__call('runEnd', Array)
#6 D:\xampp\htdocs\vantagelawjournal\index.php(14): CWebApplication->runEnd('front')
#7 {main}
REQUEST_URI=/vantagelawjournal/assets/d18c94a8/jui/js/jquery.ui.datepicker-en.js
HTTP_REFERER=http://localhost/vantagelawjournal/backend.php/content/admin.html
---
2015/06/01 23:04:20 [error] [exception.CHttpException.404] exception 'CHttpException' with message 'Unable to resolve the request "assets/d18c94a8/jui/js/jquery.ui.datepicker-en.js".' in D:\xampp\htdocs\framework\yii\framework\web\CWebApplication.php:286
Stack trace:
#0 D:\xampp\htdocs\framework\yii\framework\web\CWebApplication.php(141): CWebApplication->runController('assets/d18c94a8...')
#1 D:\xampp\htdocs\framework\yii\framework\base\CApplication.php(184): CWebApplication->processRequest()
#2 D:\xampp\htdocs\vantagelawjournal\protected\components\WebApplicationEndBehavior.php(24): CApplication->run()
#3 [internal function]: WebApplicationEndBehavior->runEnd('front')
#4 D:\xampp\htdocs\framework\yii\framework\base\CComponent.php(261): call_user_func_array(Array, Array)
#5 D:\xampp\htdocs\vantagelawjournal\index.php(14): CComponent->__call('runEnd', Array)
#6 D:\xampp\htdocs\vantagelawjournal\index.php(14): CWebApplication->runEnd('front')
#7 {main}
REQUEST_URI=/vantagelawjournal/assets/d18c94a8/jui/js/jquery.ui.datepicker-en.js
HTTP_REFERER=http://localhost/vantagelawjournal/backend.php/content/admin.html
---
2015/06/01 23:05:19 [error] [exception.CHttpException.404] exception 'CHttpException' with message 'Unable to resolve the request "assets/d18c94a8/jui/js/jquery.ui.datepicker-en.js".' in D:\xampp\htdocs\framework\yii\framework\web\CWebApplication.php:286
Stack trace:
#0 D:\xampp\htdocs\framework\yii\framework\web\CWebApplication.php(141): CWebApplication->runController('assets/d18c94a8...')
#1 D:\xampp\htdocs\framework\yii\framework\base\CApplication.php(184): CWebApplication->processRequest()
#2 D:\xampp\htdocs\vantagelawjournal\protected\components\WebApplicationEndBehavior.php(24): CApplication->run()
#3 [internal function]: WebApplicationEndBehavior->runEnd('front')
#4 D:\xampp\htdocs\framework\yii\framework\base\CComponent.php(261): call_user_func_array(Array, Array)
#5 D:\xampp\htdocs\vantagelawjournal\index.php(14): CComponent->__call('runEnd', Array)
#6 D:\xampp\htdocs\vantagelawjournal\index.php(14): CWebApplication->runEnd('front')
#7 {main}
REQUEST_URI=/vantagelawjournal/assets/d18c94a8/jui/js/jquery.ui.datepicker-en.js
HTTP_REFERER=http://localhost/vantagelawjournal/backend.php/content/admin.html
---
2015/06/01 23:05:21 [error] [exception.CHttpException.404] exception 'CHttpException' with message 'Unable to resolve the request "assets/d18c94a8/jui/js/jquery.ui.datepicker-en.js".' in D:\xampp\htdocs\framework\yii\framework\web\CWebApplication.php:286
Stack trace:
#0 D:\xampp\htdocs\framework\yii\framework\web\CWebApplication.php(141): CWebApplication->runController('assets/d18c94a8...')
#1 D:\xampp\htdocs\framework\yii\framework\base\CApplication.php(184): CWebApplication->processRequest()
#2 D:\xampp\htdocs\vantagelawjournal\protected\components\WebApplicationEndBehavior.php(24): CApplication->run()
#3 [internal function]: WebApplicationEndBehavior->runEnd('front')
#4 D:\xampp\htdocs\framework\yii\framework\base\CComponent.php(261): call_user_func_array(Array, Array)
#5 D:\xampp\htdocs\vantagelawjournal\index.php(14): CComponent->__call('runEnd', Array)
#6 D:\xampp\htdocs\vantagelawjournal\index.php(14): CWebApplication->runEnd('front')
#7 {main}
REQUEST_URI=/vantagelawjournal/assets/d18c94a8/jui/js/jquery.ui.datepicker-en.js
HTTP_REFERER=http://localhost/vantagelawjournal/backend.php/content/admin.html
---
2015/06/09 22:58:33 [error] [exception.CDbException] exception 'CDbException' with message 'CDbConnection failed to open the DB connection: SQLSTATE[HY000] [2002] No connection could be made because the target machine actively refused it.
' in D:\xampp\htdocs\framework\yii\framework\db\CDbConnection.php:399
Stack trace:
#0 D:\xampp\htdocs\framework\yii\framework\db\CDbConnection.php(347): CDbConnection->open()
#1 D:\xampp\htdocs\framework\yii\framework\db\CDbConnection.php(325): CDbConnection->setActive(true)
#2 D:\xampp\htdocs\framework\yii\framework\base\CModule.php(394): CDbConnection->init()
#3 D:\xampp\htdocs\framework\yii\framework\web\CDbHttpSession.php(175): CModule->getComponent('db')
#4 D:\xampp\htdocs\framework\yii\framework\web\CDbHttpSession.php(221): CDbHttpSession->getDbConnection()
#5 [internal function]: CDbHttpSession->readSession('29umrdcikqfh5jd...')
#6 D:\xampp\htdocs\framework\yii\framework\web\CHttpSession.php(114): session_start()
#7 D:\xampp\htdocs\framework\yii\framework\web\CHttpSession.php(88): CHttpSession->open()
#8 D:\xampp\htdocs\framework\yii\framework\base\CModule.php(394): CHttpSession->init()
#9 D:\xampp\htdocs\framework\yii\framework\web\CWebApplication.php(201): CModule->getComponent('session')
#10 D:\xampp\htdocs\framework\yii\framework\web\auth\CWebUser.php(199): CWebApplication->getSession()
#11 D:\xampp\htdocs\framework\yii\framework\base\CModule.php(394): CWebUser->init()
#12 D:\xampp\htdocs\framework\yii\framework\base\CModule.php(103): CModule->getComponent('user')
#13 D:\xampp\htdocs\vantagelawjournal\protected\components\BackEndController.php(32): CModule->__get('user')
#14 D:\xampp\htdocs\framework\yii\framework\web\CWebApplication.php(281): BackEndController->init()
#15 D:\xampp\htdocs\framework\yii\framework\web\CWebApplication.php(141): CWebApplication->runController('site/login')
#16 D:\xampp\htdocs\framework\yii\framework\base\CApplication.php(184): CWebApplication->processRequest()
#17 D:\xampp\htdocs\vantagelawjournal\protected\components\WebApplicationEndBehavior.php(24): CApplication->run()
#18 [internal function]: WebApplicationEndBehavior->runEnd('back')
#19 D:\xampp\htdocs\framework\yii\framework\base\CComponent.php(261): call_user_func_array(Array, Array)
#20 D:\xampp\htdocs\vantagelawjournal\backend.php(14): CComponent->__call('runEnd', Array)
#21 D:\xampp\htdocs\vantagelawjournal\backend.php(14): CWebApplication->runEnd('back')
#22 {main}
REQUEST_URI=/vantagelawjournal/backend.php/login.html
HTTP_REFERER=http://localhost/vantagelawjournal/backend.php/content/admin.html
---
2015/06/14 05:57:21 [error] [exception.CDbException] exception 'CDbException' with message 'CDbConnection failed to open the DB connection: SQLSTATE[HY000] [2002] No connection could be made because the target machine actively refused it.
' in D:\xampp\htdocs\framework\yii\framework\db\CDbConnection.php:399
Stack trace:
#0 D:\xampp\htdocs\framework\yii\framework\db\CDbConnection.php(347): CDbConnection->open()
#1 D:\xampp\htdocs\framework\yii\framework\db\CDbConnection.php(325): CDbConnection->setActive(true)
#2 D:\xampp\htdocs\framework\yii\framework\base\CModule.php(394): CDbConnection->init()
#3 D:\xampp\htdocs\framework\yii\framework\web\CDbHttpSession.php(175): CModule->getComponent('db')
#4 D:\xampp\htdocs\framework\yii\framework\web\CDbHttpSession.php(221): CDbHttpSession->getDbConnection()
#5 [internal function]: CDbHttpSession->readSession('29umrdcikqfh5jd...')
#6 D:\xampp\htdocs\framework\yii\framework\web\CHttpSession.php(114): session_start()
#7 D:\xampp\htdocs\framework\yii\framework\web\CHttpSession.php(88): CHttpSession->open()
#8 D:\xampp\htdocs\framework\yii\framework\base\CModule.php(394): CHttpSession->init()
#9 D:\xampp\htdocs\framework\yii\framework\web\CWebApplication.php(201): CModule->getComponent('session')
#10 D:\xampp\htdocs\framework\yii\framework\web\auth\CWebUser.php(199): CWebApplication->getSession()
#11 D:\xampp\htdocs\framework\yii\framework\base\CModule.php(394): CWebUser->init()
#12 D:\xampp\htdocs\framework\yii\framework\base\CModule.php(103): CModule->getComponent('user')
#13 D:\xampp\htdocs\vantagelawjournal\protected\components\BackEndController.php(32): CModule->__get('user')
#14 D:\xampp\htdocs\framework\yii\framework\web\CWebApplication.php(281): BackEndController->init()
#15 D:\xampp\htdocs\framework\yii\framework\web\CWebApplication.php(141): CWebApplication->runController('site/login')
#16 D:\xampp\htdocs\framework\yii\framework\base\CApplication.php(184): CWebApplication->processRequest()
#17 D:\xampp\htdocs\vantagelawjournal\protected\components\WebApplicationEndBehavior.php(24): CApplication->run()
#18 [internal function]: WebApplicationEndBehavior->runEnd('back')
#19 D:\xampp\htdocs\framework\yii\framework\base\CComponent.php(261): call_user_func_array(Array, Array)
#20 D:\xampp\htdocs\vantagelawjournal\backend.php(14): CComponent->__call('runEnd', Array)
#21 D:\xampp\htdocs\vantagelawjournal\backend.php(14): CWebApplication->runEnd('back')
#22 {main}
REQUEST_URI=/vantagelawjournal/backend.php/login.html
---
2015/06/15 19:47:12 [error] [exception.CDbException] exception 'CDbException' with message 'CDbConnection failed to open the DB connection: SQLSTATE[HY000] [2002] No connection could be made because the target machine actively refused it.
' in D:\xampp\htdocs\framework\yii\framework\db\CDbConnection.php:399
Stack trace:
#0 D:\xampp\htdocs\framework\yii\framework\db\CDbConnection.php(347): CDbConnection->open()
#1 D:\xampp\htdocs\framework\yii\framework\db\CDbConnection.php(325): CDbConnection->setActive(true)
#2 D:\xampp\htdocs\framework\yii\framework\base\CModule.php(394): CDbConnection->init()
#3 D:\xampp\htdocs\framework\yii\framework\web\CDbHttpSession.php(175): CModule->getComponent('db')
#4 D:\xampp\htdocs\framework\yii\framework\web\CDbHttpSession.php(221): CDbHttpSession->getDbConnection()
#5 [internal function]: CDbHttpSession->readSession('29umrdcikqfh5jd...')
#6 D:\xampp\htdocs\framework\yii\framework\web\CHttpSession.php(114): session_start()
#7 D:\xampp\htdocs\framework\yii\framework\web\CHttpSession.php(88): CHttpSession->open()
#8 D:\xampp\htdocs\framework\yii\framework\base\CModule.php(394): CHttpSession->init()
#9 D:\xampp\htdocs\framework\yii\framework\web\CWebApplication.php(201): CModule->getComponent('session')
#10 D:\xampp\htdocs\framework\yii\framework\web\auth\CWebUser.php(199): CWebApplication->getSession()
#11 D:\xampp\htdocs\framework\yii\framework\base\CModule.php(394): CWebUser->init()
#12 D:\xampp\htdocs\framework\yii\framework\base\CModule.php(103): CModule->getComponent('user')
#13 D:\xampp\htdocs\vantagelawjournal\protected\components\BackEndController.php(32): CModule->__get('user')
#14 D:\xampp\htdocs\framework\yii\framework\web\CWebApplication.php(281): BackEndController->init()
#15 D:\xampp\htdocs\framework\yii\framework\web\CWebApplication.php(141): CWebApplication->runController('site/login')
#16 D:\xampp\htdocs\framework\yii\framework\base\CApplication.php(184): CWebApplication->processRequest()
#17 D:\xampp\htdocs\vantagelawjournal\protected\components\WebApplicationEndBehavior.php(24): CApplication->run()
#18 [internal function]: WebApplicationEndBehavior->runEnd('back')
#19 D:\xampp\htdocs\framework\yii\framework\base\CComponent.php(261): call_user_func_array(Array, Array)
#20 D:\xampp\htdocs\vantagelawjournal\backend.php(14): CComponent->__call('runEnd', Array)
#21 D:\xampp\htdocs\vantagelawjournal\backend.php(14): CWebApplication->runEnd('back')
#22 {main}
REQUEST_URI=/vantagelawjournal/backend.php/login.html
---
2015/06/15 19:47:50 [error] [exception.CDbException] exception 'CDbException' with message 'CDbConnection failed to open the DB connection: SQLSTATE[HY000] [2002] No connection could be made because the target machine actively refused it.
' in D:\xampp\htdocs\framework\yii\framework\db\CDbConnection.php:399
Stack trace:
#0 D:\xampp\htdocs\framework\yii\framework\db\CDbConnection.php(347): CDbConnection->open()
#1 D:\xampp\htdocs\framework\yii\framework\db\CDbConnection.php(325): CDbConnection->setActive(true)
#2 D:\xampp\htdocs\framework\yii\framework\base\CModule.php(394): CDbConnection->init()
#3 D:\xampp\htdocs\framework\yii\framework\web\CDbHttpSession.php(175): CModule->getComponent('db')
#4 D:\xampp\htdocs\framework\yii\framework\web\CDbHttpSession.php(221): CDbHttpSession->getDbConnection()
#5 [internal function]: CDbHttpSession->readSession('29umrdcikqfh5jd...')
#6 D:\xampp\htdocs\framework\yii\framework\web\CHttpSession.php(114): session_start()
#7 D:\xampp\htdocs\framework\yii\framework\web\CHttpSession.php(88): CHttpSession->open()
#8 D:\xampp\htdocs\framework\yii\framework\base\CModule.php(394): CHttpSession->init()
#9 D:\xampp\htdocs\framework\yii\framework\web\CWebApplication.php(201): CModule->getComponent('session')
#10 D:\xampp\htdocs\framework\yii\framework\web\auth\CWebUser.php(199): CWebApplication->getSession()
#11 D:\xampp\htdocs\framework\yii\framework\base\CModule.php(394): CWebUser->init()
#12 D:\xampp\htdocs\framework\yii\framework\base\CModule.php(103): CModule->getComponent('user')
#13 D:\xampp\htdocs\vantagelawjournal\protected\components\BackEndController.php(32): CModule->__get('user')
#14 D:\xampp\htdocs\framework\yii\framework\web\CWebApplication.php(281): BackEndController->init()
#15 D:\xampp\htdocs\framework\yii\framework\web\CWebApplication.php(141): CWebApplication->runController('site/login')
#16 D:\xampp\htdocs\framework\yii\framework\base\CApplication.php(184): CWebApplication->processRequest()
#17 D:\xampp\htdocs\vantagelawjournal\protected\components\WebApplicationEndBehavior.php(24): CApplication->run()
#18 [internal function]: WebApplicationEndBehavior->runEnd('back')
#19 D:\xampp\htdocs\framework\yii\framework\base\CComponent.php(261): call_user_func_array(Array, Array)
#20 D:\xampp\htdocs\vantagelawjournal\backend.php(14): CComponent->__call('runEnd', Array)
#21 D:\xampp\htdocs\vantagelawjournal\backend.php(14): CWebApplication->runEnd('back')
#22 {main}
REQUEST_URI=/vantagelawjournal/backend.php/login.html
---
2015/07/24 23:20:40 [error] [exception.CException] exception 'CException' with message 'Alias "bootstrap.widgets.TbActiveForm" is invalid. Make sure it points to an existing directory or file.' in D:\xampp\htdocs\framework\yii\framework\YiiBase.php:348
Stack trace:
#0 D:\xampp\htdocs\framework\yii\framework\web\CWidgetFactory.php(146): YiiBase::import('bootstrap.widge...', true)
#1 D:\xampp\htdocs\framework\yii\framework\web\CBaseController.php(146): CWidgetFactory->createWidget(Object(SiteController), 'bootstrap.widge...', Array)
#2 D:\xampp\htdocs\framework\yii\framework\web\CBaseController.php(197): CBaseController->createWidget('bootstrap.widge...', Array)
#3 D:\xampp\htdocs\vantagelawjournal\themes\default\views\site\contact.php(40): CBaseController->beginWidget('bootstrap.widge...', Array)
#4 D:\xampp\htdocs\framework\yii\framework\web\CBaseController.php(126): require('D:\\xampp\\htdocs...')
#5 D:\xampp\htdocs\framework\yii\framework\web\CBaseController.php(95): CBaseController->renderInternal('D:\\xampp\\htdocs...', Array, true)
#6 D:\xampp\htdocs\framework\yii\framework\web\CController.php(869): CBaseController->renderFile('D:\\xampp\\htdocs...', Array, true)
#7 D:\xampp\htdocs\framework\yii\framework\web\CController.php(782): CController->renderPartial('contact', Array, true)
#8 D:\xampp\htdocs\vantagelawjournal\protected\controllers\front\SiteController.php(117): CController->render('contact', Array)
#9 D:\xampp\htdocs\framework\yii\framework\web\actions\CInlineAction.php(49): SiteController->actionContact()
#10 D:\xampp\htdocs\framework\yii\framework\web\CController.php(308): CInlineAction->runWithParams(Array)
#11 D:\xampp\htdocs\framework\yii\framework\web\filters\CFilterChain.php(133): CController->runAction(Object(CInlineAction))
#12 D:\xampp\htdocs\framework\yii\framework\web\filters\CFilter.php(40): CFilterChain->run()
#13 D:\xampp\htdocs\framework\yii\framework\web\CController.php(1145): CFilter->filter(Object(CFilterChain))
#14 D:\xampp\htdocs\framework\yii\framework\web\filters\CInlineFilter.php(58): CController->filterAccessControl(Object(CFilterChain))
#15 D:\xampp\htdocs\framework\yii\framework\web\filters\CFilterChain.php(130): CInlineFilter->filter(Object(CFilterChain))
#16 D:\xampp\htdocs\framework\yii\framework\web\CController.php(291): CFilterChain->run()
#17 D:\xampp\htdocs\framework\yii\framework\web\CController.php(265): CController->runActionWithFilters(Object(CInlineAction), Array)
#18 D:\xampp\htdocs\framework\yii\framework\web\CWebApplication.php(282): CController->run('contact')
#19 D:\xampp\htdocs\framework\yii\framework\web\CWebApplication.php(141): CWebApplication->runController('site/contact')
#20 D:\xampp\htdocs\framework\yii\framework\base\CApplication.php(184): CWebApplication->processRequest()
#21 D:\xampp\htdocs\vantagelawjournal\protected\components\WebApplicationEndBehavior.php(24): CApplication->run()
#22 [internal function]: WebApplicationEndBehavior->runEnd('front')
#23 D:\xampp\htdocs\framework\yii\framework\base\CComponent.php(261): call_user_func_array(Array, Array)
#24 D:\xampp\htdocs\vantagelawjournal\index.php(14): CComponent->__call('runEnd', Array)
#25 D:\xampp\htdocs\vantagelawjournal\index.php(14): CWebApplication->runEnd('front')
#26 {main}
REQUEST_URI=/vantagelawjournal/contact.html
HTTP_REFERER=http://localhost/vantagelawjournal/content/6.html
---
2015/07/24 23:21:08 [error] [exception.CHttpException.404] exception 'CHttpException' with message 'Unable to resolve the request "news/view".' in D:\xampp\htdocs\framework\yii\framework\web\CWebApplication.php:286
Stack trace:
#0 D:\xampp\htdocs\framework\yii\framework\web\CWebApplication.php(141): CWebApplication->runController('news/view')
#1 D:\xampp\htdocs\framework\yii\framework\base\CApplication.php(184): CWebApplication->processRequest()
#2 D:\xampp\htdocs\vantagelawjournal\protected\components\WebApplicationEndBehavior.php(24): CApplication->run()
#3 [internal function]: WebApplicationEndBehavior->runEnd('front')
#4 D:\xampp\htdocs\framework\yii\framework\base\CComponent.php(261): call_user_func_array(Array, Array)
#5 D:\xampp\htdocs\vantagelawjournal\index.php(14): CComponent->__call('runEnd', Array)
#6 D:\xampp\htdocs\vantagelawjournal\index.php(14): CWebApplication->runEnd('front')
#7 {main}
REQUEST_URI=/vantagelawjournal/news/29.html
HTTP_REFERER=http://localhost/vantagelawjournal/publication/index/2.html
---
2015/07/24 23:21:09 [error] [exception.CException] exception 'CException' with message 'Alias "bootstrap.widgets.TbActiveForm" is invalid. Make sure it points to an existing directory or file.' in D:\xampp\htdocs\framework\yii\framework\YiiBase.php:348
Stack trace:
#0 D:\xampp\htdocs\framework\yii\framework\web\CWidgetFactory.php(146): YiiBase::import('bootstrap.widge...', true)
#1 D:\xampp\htdocs\framework\yii\framework\web\CBaseController.php(146): CWidgetFactory->createWidget(Object(SiteController), 'bootstrap.widge...', Array)
#2 D:\xampp\htdocs\framework\yii\framework\web\CBaseController.php(197): CBaseController->createWidget('bootstrap.widge...', Array)
#3 D:\xampp\htdocs\vantagelawjournal\themes\default\views\site\login.php(22): CBaseController->beginWidget('bootstrap.widge...', Array)
#4 D:\xampp\htdocs\framework\yii\framework\web\CBaseController.php(126): require('D:\\xampp\\htdocs...')
#5 D:\xampp\htdocs\framework\yii\framework\web\CBaseController.php(95): CBaseController->renderInternal('D:\\xampp\\htdocs...', Array, true)
#6 D:\xampp\htdocs\framework\yii\framework\web\CController.php(869): CBaseController->renderFile('D:\\xampp\\htdocs...', Array, true)
#7 D:\xampp\htdocs\framework\yii\framework\web\CController.php(782): CController->renderPartial('login', Array, true)
#8 D:\xampp\htdocs\vantagelawjournal\protected\controllers\front\SiteController.php(147): CController->render('login', Array)
#9 D:\xampp\htdocs\framework\yii\framework\web\actions\CInlineAction.php(49): SiteController->actionLogin()
#10 D:\xampp\htdocs\framework\yii\framework\web\CController.php(308): CInlineAction->runWithParams(Array)
#11 D:\xampp\htdocs\framework\yii\framework\web\filters\CFilterChain.php(133): CController->runAction(Object(CInlineAction))
#12 D:\xampp\htdocs\framework\yii\framework\web\filters\CFilter.php(40): CFilterChain->run()
#13 D:\xampp\htdocs\framework\yii\framework\web\CController.php(1145): CFilter->filter(Object(CFilterChain))
#14 D:\xampp\htdocs\framework\yii\framework\web\filters\CInlineFilter.php(58): CController->filterAccessControl(Object(CFilterChain))
#15 D:\xampp\htdocs\framework\yii\framework\web\filters\CFilterChain.php(130): CInlineFilter->filter(Object(CFilterChain))
#16 D:\xampp\htdocs\framework\yii\framework\web\CController.php(291): CFilterChain->run()
#17 D:\xampp\htdocs\framework\yii\framework\web\CController.php(265): CController->runActionWithFilters(Object(CInlineAction), Array)
#18 D:\xampp\htdocs\framework\yii\framework\web\CWebApplication.php(282): CController->run('login')
#19 D:\xampp\htdocs\framework\yii\framework\web\CWebApplication.php(141): CWebApplication->runController('site/login')
#20 D:\xampp\htdocs\framework\yii\framework\base\CApplication.php(184): CWebApplication->processRequest()
#21 D:\xampp\htdocs\vantagelawjournal\protected\components\WebApplicationEndBehavior.php(24): CApplication->run()
#22 [internal function]: WebApplicationEndBehavior->runEnd('front')
#23 D:\xampp\htdocs\framework\yii\framework\base\CComponent.php(261): call_user_func_array(Array, Array)
#24 D:\xampp\htdocs\vantagelawjournal\index.php(14): CComponent->__call('runEnd', Array)
#25 D:\xampp\htdocs\vantagelawjournal\index.php(14): CWebApplication->runEnd('front')
#26 {main}
REQUEST_URI=/vantagelawjournal/login.html
HTTP_REFERER=http://localhost/vantagelawjournal/publication/index/2.html
---
2015/07/24 23:56:36 [error] [exception.CHttpException.404] exception 'CHttpException' with message 'Unable to resolve the request "assets/d18c94a8/jui/js/jquery.ui.datepicker-en.js".' in D:\xampp\htdocs\framework\yii\framework\web\CWebApplication.php:286
Stack trace:
#0 D:\xampp\htdocs\framework\yii\framework\web\CWebApplication.php(141): CWebApplication->runController('assets/d18c94a8...')
#1 D:\xampp\htdocs\framework\yii\framework\base\CApplication.php(184): CWebApplication->processRequest()
#2 D:\xampp\htdocs\vantagelawjournal\protected\components\WebApplicationEndBehavior.php(24): CApplication->run()
#3 [internal function]: WebApplicationEndBehavior->runEnd('front')
#4 D:\xampp\htdocs\framework\yii\framework\base\CComponent.php(261): call_user_func_array(Array, Array)
#5 D:\xampp\htdocs\vantagelawjournal\index.php(14): CComponent->__call('runEnd', Array)
#6 D:\xampp\htdocs\vantagelawjournal\index.php(14): CWebApplication->runEnd('front')
#7 {main}
REQUEST_URI=/vantagelawjournal/assets/d18c94a8/jui/js/jquery.ui.datepicker-en.js
HTTP_REFERER=http://localhost/vantagelawjournal/backend.php/content/admin.html
---
2015/07/24 23:56:37 [error] [exception.CHttpException.404] exception 'CHttpException' with message 'Unable to resolve the request "assets/d18c94a8/jui/js/jquery.ui.datepicker-en.js".' in D:\xampp\htdocs\framework\yii\framework\web\CWebApplication.php:286
Stack trace:
#0 D:\xampp\htdocs\framework\yii\framework\web\CWebApplication.php(141): CWebApplication->runController('assets/d18c94a8...')
#1 D:\xampp\htdocs\framework\yii\framework\base\CApplication.php(184): CWebApplication->processRequest()
#2 D:\xampp\htdocs\vantagelawjournal\protected\components\WebApplicationEndBehavior.php(24): CApplication->run()
#3 [internal function]: WebApplicationEndBehavior->runEnd('front')
#4 D:\xampp\htdocs\framework\yii\framework\base\CComponent.php(261): call_user_func_array(Array, Array)
#5 D:\xampp\htdocs\vantagelawjournal\index.php(14): CComponent->__call('runEnd', Array)
#6 D:\xampp\htdocs\vantagelawjournal\index.php(14): CWebApplication->runEnd('front')
#7 {main}
REQUEST_URI=/vantagelawjournal/assets/d18c94a8/jui/js/jquery.ui.datepicker-en.js
HTTP_REFERER=http://localhost/vantagelawjournal/backend.php/content/admin.html
---
2015/07/25 00:08:09 [error] [exception.CHttpException.404] exception 'CHttpException' with message 'Unable to resolve the request "assets/d18c94a8/jui/js/jquery.ui.datepicker-en.js".' in D:\xampp\htdocs\framework\yii\framework\web\CWebApplication.php:286
Stack trace:
#0 D:\xampp\htdocs\framework\yii\framework\web\CWebApplication.php(141): CWebApplication->runController('assets/d18c94a8...')
#1 D:\xampp\htdocs\framework\yii\framework\base\CApplication.php(184): CWebApplication->processRequest()
#2 D:\xampp\htdocs\vantagelawjournal\protected\components\WebApplicationEndBehavior.php(24): CApplication->run()
#3 [internal function]: WebApplicationEndBehavior->runEnd('front')
#4 D:\xampp\htdocs\framework\yii\framework\base\CComponent.php(261): call_user_func_array(Array, Array)
#5 D:\xampp\htdocs\vantagelawjournal\index.php(14): CComponent->__call('runEnd', Array)
#6 D:\xampp\htdocs\vantagelawjournal\index.php(14): CWebApplication->runEnd('front')
#7 {main}
REQUEST_URI=/vantagelawjournal/assets/d18c94a8/jui/js/jquery.ui.datepicker-en.js
HTTP_REFERER=http://localhost/vantagelawjournal/backend.php/content/admin.html
---
2015/07/25 00:08:10 [error] [exception.CHttpException.404] exception 'CHttpException' with message 'Unable to resolve the request "assets/d18c94a8/jui/js/jquery.ui.datepicker-en.js".' in D:\xampp\htdocs\framework\yii\framework\web\CWebApplication.php:286
Stack trace:
#0 D:\xampp\htdocs\framework\yii\framework\web\CWebApplication.php(141): CWebApplication->runController('assets/d18c94a8...')
#1 D:\xampp\htdocs\framework\yii\framework\base\CApplication.php(184): CWebApplication->processRequest()
#2 D:\xampp\htdocs\vantagelawjournal\protected\components\WebApplicationEndBehavior.php(24): CApplication->run()
#3 [internal function]: WebApplicationEndBehavior->runEnd('front')
#4 D:\xampp\htdocs\framework\yii\framework\base\CComponent.php(261): call_user_func_array(Array, Array)
#5 D:\xampp\htdocs\vantagelawjournal\index.php(14): CComponent->__call('runEnd', Array)
#6 D:\xampp\htdocs\vantagelawjournal\index.php(14): CWebApplication->runEnd('front')
#7 {main}
REQUEST_URI=/vantagelawjournal/assets/d18c94a8/jui/js/jquery.ui.datepicker-en.js
HTTP_REFERER=http://localhost/vantagelawjournal/backend.php/content/admin.html
---
2015/07/25 00:09:25 [error] [exception.CHttpException.404] exception 'CHttpException' with message 'Unable to resolve the request "assets/d18c94a8/jui/js/jquery.ui.datepicker-en.js".' in D:\xampp\htdocs\framework\yii\framework\web\CWebApplication.php:286
Stack trace:
#0 D:\xampp\htdocs\framework\yii\framework\web\CWebApplication.php(141): CWebApplication->runController('assets/d18c94a8...')
#1 D:\xampp\htdocs\framework\yii\framework\base\CApplication.php(184): CWebApplication->processRequest()
#2 D:\xampp\htdocs\vantagelawjournal\protected\components\WebApplicationEndBehavior.php(24): CApplication->run()
#3 [internal function]: WebApplicationEndBehavior->runEnd('front')
#4 D:\xampp\htdocs\framework\yii\framework\base\CComponent.php(261): call_user_func_array(Array, Array)
#5 D:\xampp\htdocs\vantagelawjournal\index.php(14): CComponent->__call('runEnd', Array)
#6 D:\xampp\htdocs\vantagelawjournal\index.php(14): CWebApplication->runEnd('front')
#7 {main}
REQUEST_URI=/vantagelawjournal/assets/d18c94a8/jui/js/jquery.ui.datepicker-en.js
HTTP_REFERER=http://localhost/vantagelawjournal/backend.php/content/admin.html
---
2015/07/25 00:09:26 [error] [exception.CHttpException.404] exception 'CHttpException' with message 'Unable to resolve the request "assets/d18c94a8/jui/js/jquery.ui.datepicker-en.js".' in D:\xampp\htdocs\framework\yii\framework\web\CWebApplication.php:286
Stack trace:
#0 D:\xampp\htdocs\framework\yii\framework\web\CWebApplication.php(141): CWebApplication->runController('assets/d18c94a8...')
#1 D:\xampp\htdocs\framework\yii\framework\base\CApplication.php(184): CWebApplication->processRequest()
#2 D:\xampp\htdocs\vantagelawjournal\protected\components\WebApplicationEndBehavior.php(24): CApplication->run()
#3 [internal function]: WebApplicationEndBehavior->runEnd('front')
#4 D:\xampp\htdocs\framework\yii\framework\base\CComponent.php(261): call_user_func_array(Array, Array)
#5 D:\xampp\htdocs\vantagelawjournal\index.php(14): CComponent->__call('runEnd', Array)
#6 D:\xampp\htdocs\vantagelawjournal\index.php(14): CWebApplication->runEnd('front')
#7 {main}
REQUEST_URI=/vantagelawjournal/assets/d18c94a8/jui/js/jquery.ui.datepicker-en.js
HTTP_REFERER=http://localhost/vantagelawjournal/backend.php/content/admin.html
---
2015/07/25 00:28:02 [error] [exception.CHttpException.404] exception 'CHttpException' with message 'Unable to resolve the request "news/view".' in D:\xampp\htdocs\framework\yii\framework\web\CWebApplication.php:286
Stack trace:
#0 D:\xampp\htdocs\framework\yii\framework\web\CWebApplication.php(141): CWebApplication->runController('news/view')
#1 D:\xampp\htdocs\framework\yii\framework\base\CApplication.php(184): CWebApplication->processRequest()
#2 D:\xampp\htdocs\vantagelawjournal\protected\components\WebApplicationEndBehavior.php(24): CApplication->run()
#3 [internal function]: WebApplicationEndBehavior->runEnd('front')
#4 D:\xampp\htdocs\framework\yii\framework\base\CComponent.php(261): call_user_func_array(Array, Array)
#5 D:\xampp\htdocs\vantagelawjournal\index.php(14): CComponent->__call('runEnd', Array)
#6 D:\xampp\htdocs\vantagelawjournal\index.php(14): CWebApplication->runEnd('front')
#7 {main}
REQUEST_URI=/vantagelawjournal/news/23.html
HTTP_REFERER=http://localhost/vantagelawjournal/publication/index.html
---
2015/07/25 00:40:38 [error] [php] Undefined variable: model (D:\xampp\htdocs\vantagelawjournal\themes\default\views\publication\_view.php:10)
Stack trace:
#0 D:\xampp\htdocs\framework\yii\framework\zii\widgets\CListView.php(291): PublicationController->renderFile()
#1 D:\xampp\htdocs\framework\yii\framework\zii\widgets\CBaseListView.php(181): CListView->renderItems()
#2 unknown(0): CListView->renderSection()
#3 D:\xampp\htdocs\framework\yii\framework\zii\widgets\CBaseListView.php(164): preg_replace_callback()
#4 D:\xampp\htdocs\framework\yii\framework\zii\widgets\CBaseListView.php(149): CListView->renderContent()
#5 D:\xampp\htdocs\framework\yii\framework\web\CBaseController.php(181): CListView->run()
#6 D:\xampp\htdocs\vantagelawjournal\themes\default\views\publication\index.php(23): PublicationController->widget()
#7 D:\xampp\htdocs\framework\yii\framework\web\CBaseController.php(126): require()
#8 D:\xampp\htdocs\framework\yii\framework\web\CBaseController.php(95): PublicationController->renderInternal()
#9 D:\xampp\htdocs\framework\yii\framework\web\CController.php(869): PublicationController->renderFile()
#10 D:\xampp\htdocs\framework\yii\framework\web\CController.php(782): PublicationController->renderPartial()
#11 D:\xampp\htdocs\vantagelawjournal\protected\controllers\front\PublicationController.php(141): PublicationController->render()
#12 D:\xampp\htdocs\framework\yii\framework\web\actions\CInlineAction.php(49): PublicationController->actionIndex()
#13 D:\xampp\htdocs\framework\yii\framework\web\CController.php(308): CInlineAction->runWithParams()
#14 D:\xampp\htdocs\framework\yii\framework\web\filters\CFilterChain.php(133): PublicationController->runAction()
#15 D:\xampp\htdocs\framework\yii\framework\web\filters\CFilter.php(40): CFilterChain->run()
#16 D:\xampp\htdocs\framework\yii\framework\web\CController.php(1145): CAccessControlFilter->filter()
#17 D:\xampp\htdocs\framework\yii\framework\web\filters\CInlineFilter.php(58): PublicationController->filterAccessControl()
#18 D:\xampp\htdocs\framework\yii\framework\web\filters\CFilterChain.php(130): CInlineFilter->filter()
#19 D:\xampp\htdocs\framework\yii\framework\web\CController.php(291): CFilterChain->run()
#20 D:\xampp\htdocs\framework\yii\framework\web\CController.php(265): PublicationController->runActionWithFilters()
#21 D:\xampp\htdocs\framework\yii\framework\web\CWebApplication.php(282): PublicationController->run()
#22 D:\xampp\htdocs\framework\yii\framework\web\CWebApplication.php(141): CWebApplication->runController()
#23 D:\xampp\htdocs\framework\yii\framework\base\CApplication.php(184): CWebApplication->processRequest()
#24 D:\xampp\htdocs\vantagelawjournal\protected\components\WebApplicationEndBehavior.php(24): CWebApplication->run()
#25 unknown(0): WebApplicationEndBehavior->runEnd()
#26 D:\xampp\htdocs\framework\yii\framework\base\CComponent.php(261): call_user_func_array()
#27 D:\xampp\htdocs\vantagelawjournal\index.php(14): CWebApplication->__call()
#28 D:\xampp\htdocs\vantagelawjournal\index.php(14): CWebApplication->runEnd()
REQUEST_URI=/vantagelawjournal/publication/index.html
in D:\xampp\htdocs\vantagelawjournal\themes\default\views\publication\_view.php (10)
in D:\xampp\htdocs\vantagelawjournal\themes\default\views\publication\index.php (23)
in D:\xampp\htdocs\vantagelawjournal\protected\controllers\front\PublicationController.php (141)
2015/07/25 00:41:00 [error] [php] Undefined variable: model (D:\xampp\htdocs\vantagelawjournal\themes\default\views\publication\_view.php:10)
Stack trace:
#0 D:\xampp\htdocs\framework\yii\framework\zii\widgets\CListView.php(291): PublicationController->renderFile()
#1 D:\xampp\htdocs\framework\yii\framework\zii\widgets\CBaseListView.php(181): CListView->renderItems()
#2 unknown(0): CListView->renderSection()
#3 D:\xampp\htdocs\framework\yii\framework\zii\widgets\CBaseListView.php(164): preg_replace_callback()
#4 D:\xampp\htdocs\framework\yii\framework\zii\widgets\CBaseListView.php(149): CListView->renderContent()
#5 D:\xampp\htdocs\framework\yii\framework\web\CBaseController.php(181): CListView->run()
#6 D:\xampp\htdocs\vantagelawjournal\themes\default\views\publication\index.php(23): PublicationController->widget()
#7 D:\xampp\htdocs\framework\yii\framework\web\CBaseController.php(126): require()
#8 D:\xampp\htdocs\framework\yii\framework\web\CBaseController.php(95): PublicationController->renderInternal()
#9 D:\xampp\htdocs\framework\yii\framework\web\CController.php(869): PublicationController->renderFile()
#10 D:\xampp\htdocs\framework\yii\framework\web\CController.php(782): PublicationController->renderPartial()
#11 D:\xampp\htdocs\vantagelawjournal\protected\controllers\front\PublicationController.php(141): PublicationController->render()
#12 D:\xampp\htdocs\framework\yii\framework\web\actions\CInlineAction.php(49): PublicationController->actionIndex()
#13 D:\xampp\htdocs\framework\yii\framework\web\CController.php(308): CInlineAction->runWithParams()
#14 D:\xampp\htdocs\framework\yii\framework\web\filters\CFilterChain.php(133): PublicationController->runAction()
#15 D:\xampp\htdocs\framework\yii\framework\web\filters\CFilter.php(40): CFilterChain->run()
#16 D:\xampp\htdocs\framework\yii\framework\web\CController.php(1145): CAccessControlFilter->filter()
#17 D:\xampp\htdocs\framework\yii\framework\web\filters\CInlineFilter.php(58): PublicationController->filterAccessControl()
#18 D:\xampp\htdocs\framework\yii\framework\web\filters\CFilterChain.php(130): CInlineFilter->filter()
#19 D:\xampp\htdocs\framework\yii\framework\web\CController.php(291): CFilterChain->run()
#20 D:\xampp\htdocs\framework\yii\framework\web\CController.php(265): PublicationController->runActionWithFilters()
#21 D:\xampp\htdocs\framework\yii\framework\web\CWebApplication.php(282): PublicationController->run()
#22 D:\xampp\htdocs\framework\yii\framework\web\CWebApplication.php(141): CWebApplication->runController()
#23 D:\xampp\htdocs\framework\yii\framework\base\CApplication.php(184): CWebApplication->processRequest()
#24 D:\xampp\htdocs\vantagelawjournal\protected\components\WebApplicationEndBehavior.php(24): CWebApplication->run()
#25 unknown(0): WebApplicationEndBehavior->runEnd()
#26 D:\xampp\htdocs\framework\yii\framework\base\CComponent.php(261): call_user_func_array()
#27 D:\xampp\htdocs\vantagelawjournal\index.php(14): CWebApplication->__call()
#28 D:\xampp\htdocs\vantagelawjournal\index.php(14): CWebApplication->runEnd()
REQUEST_URI=/vantagelawjournal/publication/index.html
in D:\xampp\htdocs\vantagelawjournal\themes\default\views\publication\_view.php (10)
in D:\xampp\htdocs\vantagelawjournal\themes\default\views\publication\index.php (23)
in D:\xampp\htdocs\vantagelawjournal\protected\controllers\front\PublicationController.php (141)
2015/07/25 00:47:15 [error] [exception.CHttpException.404] exception 'CHttpException' with message 'Unable to resolve the request "assets/d18c94a8/jui/js/jquery.ui.datepicker-en.js".' in D:\xampp\htdocs\framework\yii\framework\web\CWebApplication.php:286
Stack trace:
#0 D:\xampp\htdocs\framework\yii\framework\web\CWebApplication.php(141): CWebApplication->runController('assets/d18c94a8...')
#1 D:\xampp\htdocs\framework\yii\framework\base\CApplication.php(184): CWebApplication->processRequest()
#2 D:\xampp\htdocs\vantagelawjournal\protected\components\WebApplicationEndBehavior.php(24): CApplication->run()
#3 [internal function]: WebApplicationEndBehavior->runEnd('front')
#4 D:\xampp\htdocs\framework\yii\framework\base\CComponent.php(261): call_user_func_array(Array, Array)
#5 D:\xampp\htdocs\vantagelawjournal\index.php(14): CComponent->__call('runEnd', Array)
#6 D:\xampp\htdocs\vantagelawjournal\index.php(14): CWebApplication->runEnd('front')
#7 {main}
REQUEST_URI=/vantagelawjournal/assets/d18c94a8/jui/js/jquery.ui.datepicker-en.js
HTTP_REFERER=http://localhost/vantagelawjournal/backend.php/userAdmin/admin.html
---
2015/07/25 00:47:16 [error] [exception.CHttpException.404] exception 'CHttpException' with message 'Unable to resolve the request "assets/d18c94a8/jui/js/jquery.ui.datepicker-en.js".' in D:\xampp\htdocs\framework\yii\framework\web\CWebApplication.php:286
Stack trace:
#0 D:\xampp\htdocs\framework\yii\framework\web\CWebApplication.php(141): CWebApplication->runController('assets/d18c94a8...')
#1 D:\xampp\htdocs\framework\yii\framework\base\CApplication.php(184): CWebApplication->processRequest()
#2 D:\xampp\htdocs\vantagelawjournal\protected\components\WebApplicationEndBehavior.php(24): CApplication->run()
#3 [internal function]: WebApplicationEndBehavior->runEnd('front')
#4 D:\xampp\htdocs\framework\yii\framework\base\CComponent.php(261): call_user_func_array(Array, Array)
#5 D:\xampp\htdocs\vantagelawjournal\index.php(14): CComponent->__call('runEnd', Array)
#6 D:\xampp\htdocs\vantagelawjournal\index.php(14): CWebApplication->runEnd('front')
#7 {main}
REQUEST_URI=/vantagelawjournal/assets/d18c94a8/jui/js/jquery.ui.datepicker-en.js
HTTP_REFERER=http://localhost/vantagelawjournal/backend.php/userAdmin/admin.html
---
2015/07/25 00:47:39 [error] [exception.CHttpException.404] exception 'CHttpException' with message 'Unable to resolve the request "assets/d18c94a8/jui/js/jquery.ui.datepicker-en.js".' in D:\xampp\htdocs\framework\yii\framework\web\CWebApplication.php:286
Stack trace:
#0 D:\xampp\htdocs\framework\yii\framework\web\CWebApplication.php(141): CWebApplication->runController('assets/d18c94a8...')
#1 D:\xampp\htdocs\framework\yii\framework\base\CApplication.php(184): CWebApplication->processRequest()
#2 D:\xampp\htdocs\vantagelawjournal\protected\components\WebApplicationEndBehavior.php(24): CApplication->run()
#3 [internal function]: WebApplicationEndBehavior->runEnd('front')
#4 D:\xampp\htdocs\framework\yii\framework\base\CComponent.php(261): call_user_func_array(Array, Array)
#5 D:\xampp\htdocs\vantagelawjournal\index.php(14): CComponent->__call('runEnd', Array)
#6 D:\xampp\htdocs\vantagelawjournal\index.php(14): CWebApplication->runEnd('front')
#7 {main}
REQUEST_URI=/vantagelawjournal/assets/d18c94a8/jui/js/jquery.ui.datepicker-en.js
HTTP_REFERER=http://localhost/vantagelawjournal/backend.php/userAdmin/admin.html
---
2015/07/25 00:47:41 [error] [exception.CHttpException.404] exception 'CHttpException' with message 'Unable to resolve the request "assets/d18c94a8/jui/js/jquery.ui.datepicker-en.js".' in D:\xampp\htdocs\framework\yii\framework\web\CWebApplication.php:286
Stack trace:
#0 D:\xampp\htdocs\framework\yii\framework\web\CWebApplication.php(141): CWebApplication->runController('assets/d18c94a8...')
#1 D:\xampp\htdocs\framework\yii\framework\base\CApplication.php(184): CWebApplication->processRequest()
#2 D:\xampp\htdocs\vantagelawjournal\protected\components\WebApplicationEndBehavior.php(24): CApplication->run()
#3 [internal function]: WebApplicationEndBehavior->runEnd('front')
#4 D:\xampp\htdocs\framework\yii\framework\base\CComponent.php(261): call_user_func_array(Array, Array)
#5 D:\xampp\htdocs\vantagelawjournal\index.php(14): CComponent->__call('runEnd', Array)
#6 D:\xampp\htdocs\vantagelawjournal\index.php(14): CWebApplication->runEnd('front')
#7 {main}
REQUEST_URI=/vantagelawjournal/assets/d18c94a8/jui/js/jquery.ui.datepicker-en.js
HTTP_REFERER=http://localhost/vantagelawjournal/backend.php/userAdmin/admin.html
---
2015/07/25 00:48:02 [error] [exception.CException] exception 'CException' with message 'Alias "bootstrap.widgets.TbActiveForm" is invalid. Make sure it points to an existing directory or file.' in D:\xampp\htdocs\framework\yii\framework\YiiBase.php:348
Stack trace:
#0 D:\xampp\htdocs\framework\yii\framework\web\CWidgetFactory.php(146): YiiBase::import('bootstrap.widge...', true)
#1 D:\xampp\htdocs\framework\yii\framework\web\CBaseController.php(146): CWidgetFactory->createWidget(Object(SiteController), 'bootstrap.widge...', Array)
#2 D:\xampp\htdocs\framework\yii\framework\web\CBaseController.php(197): CBaseController->createWidget('bootstrap.widge...', Array)
#3 D:\xampp\htdocs\vantagelawjournal\themes\default\views\site\contact.php(40): CBaseController->beginWidget('bootstrap.widge...', Array)
#4 D:\xampp\htdocs\framework\yii\framework\web\CBaseController.php(126): require('D:\\xampp\\htdocs...')
#5 D:\xampp\htdocs\framework\yii\framework\web\CBaseController.php(95): CBaseController->renderInternal('D:\\xampp\\htdocs...', Array, true)
#6 D:\xampp\htdocs\framework\yii\framework\web\CController.php(869): CBaseController->renderFile('D:\\xampp\\htdocs...', Array, true)
#7 D:\xampp\htdocs\framework\yii\framework\web\CController.php(782): CController->renderPartial('contact', Array, true)
#8 D:\xampp\htdocs\vantagelawjournal\protected\controllers\front\SiteController.php(117): CController->render('contact', Array)
#9 D:\xampp\htdocs\framework\yii\framework\web\actions\CInlineAction.php(49): SiteController->actionContact()
#10 D:\xampp\htdocs\framework\yii\framework\web\CController.php(308): CInlineAction->runWithParams(Array)
#11 D:\xampp\htdocs\framework\yii\framework\web\filters\CFilterChain.php(133): CController->runAction(Object(CInlineAction))
#12 D:\xampp\htdocs\framework\yii\framework\web\filters\CFilter.php(40): CFilterChain->run()
#13 D:\xampp\htdocs\framework\yii\framework\web\CController.php(1145): CFilter->filter(Object(CFilterChain))
#14 D:\xampp\htdocs\framework\yii\framework\web\filters\CInlineFilter.php(58): CController->filterAccessControl(Object(CFilterChain))
#15 D:\xampp\htdocs\framework\yii\framework\web\filters\CFilterChain.php(130): CInlineFilter->filter(Object(CFilterChain))
#16 D:\xampp\htdocs\framework\yii\framework\web\CController.php(291): CFilterChain->run()
#17 D:\xampp\htdocs\framework\yii\framework\web\CController.php(265): CController->runActionWithFilters(Object(CInlineAction), Array)
#18 D:\xampp\htdocs\framework\yii\framework\web\CWebApplication.php(282): CController->run('contact')
#19 D:\xampp\htdocs\framework\yii\framework\web\CWebApplication.php(141): CWebApplication->runController('site/contact')
#20 D:\xampp\htdocs\framework\yii\framework\base\CApplication.php(184): CWebApplication->processRequest()
#21 D:\xampp\htdocs\vantagelawjournal\protected\components\WebApplicationEndBehavior.php(24): CApplication->run()
#22 [internal function]: WebApplicationEndBehavior->runEnd('front')
#23 D:\xampp\htdocs\framework\yii\framework\base\CComponent.php(261): call_user_func_array(Array, Array)
#24 D:\xampp\htdocs\vantagelawjournal\index.php(14): CComponent->__call('runEnd', Array)
#25 D:\xampp\htdocs\vantagelawjournal\index.php(14): CWebApplication->runEnd('front')
#26 {main}
REQUEST_URI=/vantagelawjournal/contact.html
HTTP_REFERER=http://localhost/vantagelawjournal/gallery/index/3.html
---
2015/07/25 00:51:59 [error] [exception.CHttpException.404] exception 'CHttpException' with message 'Unable to resolve the request "assets/d18c94a8/jui/js/jquery.ui.datepicker-en.js".' in D:\xampp\htdocs\framework\yii\framework\web\CWebApplication.php:286
Stack trace:
#0 D:\xampp\htdocs\framework\yii\framework\web\CWebApplication.php(141): CWebApplication->runController('assets/d18c94a8...')
#1 D:\xampp\htdocs\framework\yii\framework\base\CApplication.php(184): CWebApplication->processRequest()
#2 D:\xampp\htdocs\vantagelawjournal\protected\components\WebApplicationEndBehavior.php(24): CApplication->run()
#3 [internal function]: WebApplicationEndBehavior->runEnd('front')
#4 D:\xampp\htdocs\framework\yii\framework\base\CComponent.php(261): call_user_func_array(Array, Array)
#5 D:\xampp\htdocs\vantagelawjournal\index.php(14): CComponent->__call('runEnd', Array)
#6 D:\xampp\htdocs\vantagelawjournal\index.php(14): CWebApplication->runEnd('front')
#7 {main}
REQUEST_URI=/vantagelawjournal/assets/d18c94a8/jui/js/jquery.ui.datepicker-en.js
HTTP_REFERER=http://localhost/vantagelawjournal/backend.php/content/admin.html
---
2015/07/25 00:52:00 [error] [exception.CHttpException.404] exception 'CHttpException' with message 'Unable to resolve the request "assets/d18c94a8/jui/js/jquery.ui.datepicker-en.js".' in D:\xampp\htdocs\framework\yii\framework\web\CWebApplication.php:286
Stack trace:
#0 D:\xampp\htdocs\framework\yii\framework\web\CWebApplication.php(141): CWebApplication->runController('assets/d18c94a8...')
#1 D:\xampp\htdocs\framework\yii\framework\base\CApplication.php(184): CWebApplication->processRequest()
#2 D:\xampp\htdocs\vantagelawjournal\protected\components\WebApplicationEndBehavior.php(24): CApplication->run()
#3 [internal function]: WebApplicationEndBehavior->runEnd('front')
#4 D:\xampp\htdocs\framework\yii\framework\base\CComponent.php(261): call_user_func_array(Array, Array)
#5 D:\xampp\htdocs\vantagelawjournal\index.php(14): CComponent->__call('runEnd', Array)
#6 D:\xampp\htdocs\vantagelawjournal\index.php(14): CWebApplication->runEnd('front')
#7 {main}
REQUEST_URI=/vantagelawjournal/assets/d18c94a8/jui/js/jquery.ui.datepicker-en.js
HTTP_REFERER=http://localhost/vantagelawjournal/backend.php/content/admin.html
---
2015/07/25 00:53:01 [error] [exception.CHttpException.404] exception 'CHttpException' with message 'Unable to resolve the request "assets/d18c94a8/jui/js/jquery.ui.datepicker-en.js".' in D:\xampp\htdocs\framework\yii\framework\web\CWebApplication.php:286
Stack trace:
#0 D:\xampp\htdocs\framework\yii\framework\web\CWebApplication.php(141): CWebApplication->runController('assets/d18c94a8...')
#1 D:\xampp\htdocs\framework\yii\framework\base\CApplication.php(184): CWebApplication->processRequest()
#2 D:\xampp\htdocs\vantagelawjournal\protected\components\WebApplicationEndBehavior.php(24): CApplication->run()
#3 [internal function]: WebApplicationEndBehavior->runEnd('front')
#4 D:\xampp\htdocs\framework\yii\framework\base\CComponent.php(261): call_user_func_array(Array, Array)
#5 D:\xampp\htdocs\vantagelawjournal\index.php(14): CComponent->__call('runEnd', Array)
#6 D:\xampp\htdocs\vantagelawjournal\index.php(14): CWebApplication->runEnd('front')
#7 {main}
REQUEST_URI=/vantagelawjournal/assets/d18c94a8/jui/js/jquery.ui.datepicker-en.js
HTTP_REFERER=http://localhost/vantagelawjournal/backend.php/userAdmin/admin.html
---
2015/07/25 00:53:02 [error] [exception.CHttpException.404] exception 'CHttpException' with message 'Unable to resolve the request "assets/d18c94a8/jui/js/jquery.ui.datepicker-en.js".' in D:\xampp\htdocs\framework\yii\framework\web\CWebApplication.php:286
Stack trace:
#0 D:\xampp\htdocs\framework\yii\framework\web\CWebApplication.php(141): CWebApplication->runController('assets/d18c94a8...')
#1 D:\xampp\htdocs\framework\yii\framework\base\CApplication.php(184): CWebApplication->processRequest()
#2 D:\xampp\htdocs\vantagelawjournal\protected\components\WebApplicationEndBehavior.php(24): CApplication->run()
#3 [internal function]: WebApplicationEndBehavior->runEnd('front')
#4 D:\xampp\htdocs\framework\yii\framework\base\CComponent.php(261): call_user_func_array(Array, Array)
#5 D:\xampp\htdocs\vantagelawjournal\index.php(14): CComponent->__call('runEnd', Array)
#6 D:\xampp\htdocs\vantagelawjournal\index.php(14): CWebApplication->runEnd('front')
#7 {main}
REQUEST_URI=/vantagelawjournal/assets/d18c94a8/jui/js/jquery.ui.datepicker-en.js
HTTP_REFERER=http://localhost/vantagelawjournal/backend.php/userAdmin/admin.html
---
2015/07/25 00:53:37 [error] [exception.CHttpException.404] exception 'CHttpException' with message 'Unable to resolve the request "assets/d18c94a8/jui/js/jquery.ui.datepicker-en.js".' in D:\xampp\htdocs\framework\yii\framework\web\CWebApplication.php:286
Stack trace:
#0 D:\xampp\htdocs\framework\yii\framework\web\CWebApplication.php(141): CWebApplication->runController('assets/d18c94a8...')
#1 D:\xampp\htdocs\framework\yii\framework\base\CApplication.php(184): CWebApplication->processRequest()
#2 D:\xampp\htdocs\vantagelawjournal\protected\components\WebApplicationEndBehavior.php(24): CApplication->run()
#3 [internal function]: WebApplicationEndBehavior->runEnd('front')
#4 D:\xampp\htdocs\framework\yii\framework\base\CComponent.php(261): call_user_func_array(Array, Array)
#5 D:\xampp\htdocs\vantagelawjournal\index.php(14): CComponent->__call('runEnd', Array)
#6 D:\xampp\htdocs\vantagelawjournal\index.php(14): CWebApplication->runEnd('front')
#7 {main}
REQUEST_URI=/vantagelawjournal/assets/d18c94a8/jui/js/jquery.ui.datepicker-en.js
HTTP_REFERER=http://localhost/vantagelawjournal/backend.php/userAdmin/2.html
---
2015/07/25 00:53:38 [error] [exception.CHttpException.404] exception 'CHttpException' with message 'Unable to resolve the request "assets/d18c94a8/jui/js/jquery.ui.datepicker-en.js".' in D:\xampp\htdocs\framework\yii\framework\web\CWebApplication.php:286
Stack trace:
#0 D:\xampp\htdocs\framework\yii\framework\web\CWebApplication.php(141): CWebApplication->runController('assets/d18c94a8...')
#1 D:\xampp\htdocs\framework\yii\framework\base\CApplication.php(184): CWebApplication->processRequest()
#2 D:\xampp\htdocs\vantagelawjournal\protected\components\WebApplicationEndBehavior.php(24): CApplication->run()
#3 [internal function]: WebApplicationEndBehavior->runEnd('front')
#4 D:\xampp\htdocs\framework\yii\framework\base\CComponent.php(261): call_user_func_array(Array, Array)
#5 D:\xampp\htdocs\vantagelawjournal\index.php(14): CComponent->__call('runEnd', Array)
#6 D:\xampp\htdocs\vantagelawjournal\index.php(14): CWebApplication->runEnd('front')
#7 {main}
REQUEST_URI=/vantagelawjournal/assets/d18c94a8/jui/js/jquery.ui.datepicker-en.js
HTTP_REFERER=http://localhost/vantagelawjournal/backend.php/userAdmin/2.html
---
2015/07/25 00:53:43 [error] [exception.CHttpException.404] exception 'CHttpException' with message 'Unable to resolve the request "assets/d18c94a8/jui/js/jquery.ui.datepicker-en.js".' in D:\xampp\htdocs\framework\yii\framework\web\CWebApplication.php:286
Stack trace:
#0 D:\xampp\htdocs\framework\yii\framework\web\CWebApplication.php(141): CWebApplication->runController('assets/d18c94a8...')
#1 D:\xampp\htdocs\framework\yii\framework\base\CApplication.php(184): CWebApplication->processRequest()
#2 D:\xampp\htdocs\vantagelawjournal\protected\components\WebApplicationEndBehavior.php(24): CApplication->run()
#3 [internal function]: WebApplicationEndBehavior->runEnd('front')
#4 D:\xampp\htdocs\framework\yii\framework\base\CComponent.php(261): call_user_func_array(Array, Array)
#5 D:\xampp\htdocs\vantagelawjournal\index.php(14): CComponent->__call('runEnd', Array)
#6 D:\xampp\htdocs\vantagelawjournal\index.php(14): CWebApplication->runEnd('front')
#7 {main}
REQUEST_URI=/vantagelawjournal/assets/d18c94a8/jui/js/jquery.ui.datepicker-en.js
HTTP_REFERER=http://localhost/vantagelawjournal/backend.php/userAdmin/admin.html
---
2015/07/25 00:53:44 [error] [exception.CHttpException.404] exception 'CHttpException' with message 'Unable to resolve the request "assets/d18c94a8/jui/js/jquery.ui.datepicker-en.js".' in D:\xampp\htdocs\framework\yii\framework\web\CWebApplication.php:286
Stack trace:
#0 D:\xampp\htdocs\framework\yii\framework\web\CWebApplication.php(141): CWebApplication->runController('assets/d18c94a8...')
#1 D:\xampp\htdocs\framework\yii\framework\base\CApplication.php(184): CWebApplication->processRequest()
#2 D:\xampp\htdocs\vantagelawjournal\protected\components\WebApplicationEndBehavior.php(24): CApplication->run()
#3 [internal function]: WebApplicationEndBehavior->runEnd('front')
#4 D:\xampp\htdocs\framework\yii\framework\base\CComponent.php(261): call_user_func_array(Array, Array)
#5 D:\xampp\htdocs\vantagelawjournal\index.php(14): CComponent->__call('runEnd', Array)
#6 D:\xampp\htdocs\vantagelawjournal\index.php(14): CWebApplication->runEnd('front')
#7 {main}
REQUEST_URI=/vantagelawjournal/assets/d18c94a8/jui/js/jquery.ui.datepicker-en.js
HTTP_REFERER=http://localhost/vantagelawjournal/backend.php/userAdmin/admin.html
---
2015/07/25 00:53:58 [error] [exception.CHttpException.404] exception 'CHttpException' with message 'Unable to resolve the request "assets/d18c94a8/jui/js/jquery.ui.datepicker-en.js".' in D:\xampp\htdocs\framework\yii\framework\web\CWebApplication.php:286
Stack trace:
#0 D:\xampp\htdocs\framework\yii\framework\web\CWebApplication.php(141): CWebApplication->runController('assets/d18c94a8...')
#1 D:\xampp\htdocs\framework\yii\framework\base\CApplication.php(184): CWebApplication->processRequest()
#2 D:\xampp\htdocs\vantagelawjournal\protected\components\WebApplicationEndBehavior.php(24): CApplication->run()
#3 [internal function]: WebApplicationEndBehavior->runEnd('front')
#4 D:\xampp\htdocs\framework\yii\framework\base\CComponent.php(261): call_user_func_array(Array, Array)
#5 D:\xampp\htdocs\vantagelawjournal\index.php(14): CComponent->__call('runEnd', Array)
#6 D:\xampp\htdocs\vantagelawjournal\index.php(14): CWebApplication->runEnd('front')
#7 {main}
REQUEST_URI=/vantagelawjournal/assets/d18c94a8/jui/js/jquery.ui.datepicker-en.js
HTTP_REFERER=http://localhost/vantagelawjournal/backend.php/userAdmin/1.html
---
2015/07/25 00:53:59 [error] [exception.CHttpException.404] exception 'CHttpException' with message 'Unable to resolve the request "assets/d18c94a8/jui/js/jquery.ui.datepicker-en.js".' in D:\xampp\htdocs\framework\yii\framework\web\CWebApplication.php:286
Stack trace:
#0 D:\xampp\htdocs\framework\yii\framework\web\CWebApplication.php(141): CWebApplication->runController('assets/d18c94a8...')
#1 D:\xampp\htdocs\framework\yii\framework\base\CApplication.php(184): CWebApplication->processRequest()
#2 D:\xampp\htdocs\vantagelawjournal\protected\components\WebApplicationEndBehavior.php(24): CApplication->run()
#3 [internal function]: WebApplicationEndBehavior->runEnd('front')
#4 D:\xampp\htdocs\framework\yii\framework\base\CComponent.php(261): call_user_func_array(Array, Array)
#5 D:\xampp\htdocs\vantagelawjournal\index.php(14): CComponent->__call('runEnd', Array)
#6 D:\xampp\htdocs\vantagelawjournal\index.php(14): CWebApplication->runEnd('front')
#7 {main}
REQUEST_URI=/vantagelawjournal/assets/d18c94a8/jui/js/jquery.ui.datepicker-en.js
HTTP_REFERER=http://localhost/vantagelawjournal/backend.php/userAdmin/1.html
---
